chmod: changing permissions of `/etc/.zl': Operation not permitted
chmod: changing permissions of `/etc/init.d/.zl': Operation not permitted
ln: creating symbolic link `/etc/rc2.d/S77.zl': Permission denied
ln: creating symbolic link `/etc/rc3.d/S77.zl': Permission denied
ln: creating symbolic link `/etc/rc4.d/S77.zl': Permission denied
ln: creating symbolic link `/etc/rc5.d/S77.zl': Permission denied
.zl: unrecognized service
sh: /etc/init.d/.zl: is a directory
chmod: changing permissions of `/etc/.zl': Operation not permitted
execvp: Permission denied
chmod: changing permissions of `/etc/.zl': Operation not permitted
chmod: changing permissions of `/etc/init.d/.zl': Operation not permitted
ln: creating symbolic link `/etc/rc2.d/S77.zl': Permission denied
ln: creating symbolic link `/etc/rc3.d/S77.zl': Permission denied
ln: creating symbolic link `/etc/rc4.d/S77.zl': Permission denied
ln: creating symbolic link `/etc/rc5.d/S77.zl': Permission denied
.zl: unrecognized service
sh: /etc/init.d/.zl: is a directory
chmod: changing permissions of `/etc/.zl': Operation not permitted
execvp: Permission denied
chmod: changing permissions of `/etc/.zl': Operation not permitted
execvp: Permission denied
chmod: changing permissions of `/etc/.zl': Operation not permitted
chmod: changing permissions of `/etc/init.d/.zl': Operation not permitted
ln: creating symbolic link `/etc/rc2.d/S77.zl': Permission denied
ln: creating symbolic link `/etc/rc3.d/S77.zl': Permission denied
ln: creating symbolic link `/etc/rc4.d/S77.zl': Permission denied
ln: creating symbolic link `/etc/rc5.d/S77.zl': Permission denied
.zl: unrecognized service
sh: /etc/init.d/.zl: is a directory
chmod: changing permissions of `/etc/.zl': Operation not permitted
execvp: Permission denied
chmod: changing permissions of `/etc/.zl': Operation not permitted
chmod: changing permissions of `/etc/init.d/.zl': Operation not permitted
ln: creating symbolic link `/etc/rc2.d/S77.zl': Permission denied
ln: creating symbolic link `/etc/rc3.d/S77.zl': Permission denied
ln: creating symbolic link `/etc/rc4.d/S77.zl': Permission denied
ln: creating symbolic link `/etc/rc5.d/S77.zl': Permission denied
.zl: unrecognized service
sh: /etc/init.d/.zl: is a directory
chmod: changing permissions of `/etc/.zl': Operation not permitted
execvp: Permission denied
chmod: changing permissions of `/etc/.zl': Operation not permitted
chmod: changing permissions of `/etc/init.d/.zl': Operation not permitted
ln: creating symbolic link `/etc/rc2.d/S77.zl': Permission denied
ln: creating symbolic link `/etc/rc3.d/S77.zl': Permission denied
ln: creating symbolic link `/etc/rc4.d/S77.zl': Permission denied
ln: creating symbolic link `/etc/rc5.d/S77.zl': Permission denied
.zl: unrecognized service
sh: /etc/init.d/.zl: is a directory
chmod: changing permissions of `/etc/.zl': Operation not permitted
execvp: Permission denied
chmod: changing permissions of `/etc/.zl': Operation not permitted
chmod: changing permissions of `/etc/init.d/.zl': Operation not permitted
ln: creating symbolic link `/etc/rc2.d/S77.zl': Permission denied
ln: creating symbolic link `/etc/rc3.d/S77.zl': Permission denied
ln: creating symbolic link `/etc/rc4.d/S77.zl': Permission denied
ln: creating symbolic link `/etc/rc5.d/S77.zl': Permission denied
.zl: unrecognized service
sh: /etc/init.d/.zl: is a directory
chmod: changing permissions of `/etc/.zl': Operation not permitted
execvp: Permission denied
chmod: changing permissions of `/etc/.zl': Operation not permitted
chmod: changing permissions of `/etc/init.d/.zl': Operation not permitted
ln: creating symbolic link `/etc/rc2.d/S77.zl': Permission denied
ln: creating symbolic link `/etc/rc3.d/S77.zl': Permission denied
ln: creating symbolic link `/etc/rc4.d/S77.zl': Permission denied
ln: creating symbolic link `/etc/rc5.d/S77.zl': Permission denied
.zl: unrecognized service
sh: /etc/init.d/.zl: is a directory
chmod: changing permissions of `/etc/.zl': Operation not permitted
execvp: Permission denied
chmod: changing permissions of `/etc/.zl': Operation not permitted
chmod: changing permissions of `/etc/init.d/.zl': Operation not permitted
ln: creating symbolic link `/etc/rc2.d/S77.zl': Permission denied
ln: creating symbolic link `/etc/rc3.d/S77.zl': Permission denied
ln: creating symbolic link `/etc/rc4.d/S77.zl': Permission denied
ln: creating symbolic link `/etc/rc5.d/S77.zl': Permission denied
.zl: unrecognized service
sh: /etc/init.d/.zl: is a directory
chmod: changing permissions of `/etc/.zl': Operation not permitted
execvp: Permission denied
chmod: changing permissions of `/etc/.zl': Operation not permitted
chmod: changing permissions of `/etc/init.d/.zl': Operation not permitted
ln: creating symbolic link `/etc/rc2.d/S77.zl': Permission denied
ln: creating symbolic link `/etc/rc3.d/S77.zl': Permission denied
ln: creating symbolic link `/etc/rc4.d/S77.zl': Permission denied
ln: creating symbolic link `/etc/rc5.d/S77.zl': Permission denied
.zl: unrecognized service
sh: /etc/init.d/.zl: is a directory
chmod: changing permissions of `/etc/.zl': Operation not permitted
execvp: Permission denied
chmod: changing permissions of `/etc/.zl': Operation not permitted
chmod: changing permissions of `/etc/init.d/.zl': Operation not permitted
ln: creating symbolic link `/etc/rc2.d/S77.zl': Permission denied
ln: creating symbolic link `/etc/rc3.d/S77.zl': Permission denied
ln: creating symbolic link `/etc/rc4.d/S77.zl': Permission denied
ln: creating symbolic link `/etc/rc5.d/S77.zl': Permission denied
.zl: unrecognized service
sh: /etc/init.d/.zl: is a directory
chmod: changing permissions of `/etc/.zl': Operation not permitted
execvp: Permission denied
chmod: changing permissions of `/etc/.zl': Operation not permitted
chmod: changing permissions of `/etc/init.d/.zl': Operation not permitted
ln: creating symbolic link `/etc/rc2.d/S77.zl': Permission denied
ln: creating symbolic link `/etc/rc3.d/S77.zl': Permission denied
ln: creating symbolic link `/etc/rc4.d/S77.zl': Permission denied
ln: creating symbolic link `/etc/rc5.d/S77.zl': Permission denied
.zl: unrecognized service
sh: /etc/init.d/.zl: is a directory
chmod: changing permissions of `/etc/.zl': Operation not permitted
execvp: Permission denied
chmod: changing permissions of `/etc/.zl': Operation not permitted
chmod: changing permissions of `/etc/init.d/.zl': Operation not permitted
ln: creating symbolic link `/etc/rc2.d/S77.zl': Permission denied
ln: creating symbolic link `/etc/rc3.d/S77.zl': Permission denied
ln: creating symbolic link `/etc/rc4.d/S77.zl': Permission denied
ln: creating symbolic link `/etc/rc5.d/S77.zl': Permission denied
.zl: unrecognized service
sh: /etc/init.d/.zl: is a directory
chmod: changing permissions of `/etc/.zl': Operation not permitted
execvp: Permission denied
chmod: changing permissions of `/etc/.zl': Operation not permitted
chmod: changing permissions of `/etc/init.d/.zl': Operation not permitted
ln: creating symbolic link `/etc/rc2.d/S77.zl': Permission denied
ln: creating symbolic link `/etc/rc3.d/S77.zl': Permission denied
ln: creating symbolic link `/etc/rc4.d/S77.zl': Permission denied
ln: creating symbolic link `/etc/rc5.d/S77.zl': Permission denied
.zl: unrecognized service
sh: /etc/init.d/.zl: is a directory
chmod: changing permissions of `/etc/.zl': Operation not permitted
execvp: Permission denied
chmod: changing permissions of `/etc/.zl': Operation not permitted
chmod: changing permissions of `/etc/init.d/.zl': Operation not permitted
ln: creating symbolic link `/etc/rc2.d/S77.zl': Permission denied
ln: creating symbolic link `/etc/rc3.d/S77.zl': Permission denied
ln: creating symbolic link `/etc/rc4.d/S77.zl': Permission denied
ln: creating symbolic link `/etc/rc5.d/S77.zl': Permission denied
.zl: unrecognized service
sh: /etc/init.d/.zl: is a directory
chmod: changing permissions of `/etc/.zl': Operation not permitted
execvp: Permission denied
chmod: changing permissions of `/etc/.zl': Operation not permitted
execvp: Permission denied
chmod: changing permissions of `/etc/.zl': Operation not permitted
chmod: changing permissions of `/etc/init.d/.zl': Operation not permitted
ln: creating symbolic link `/etc/rc2.d/S77.zl': Permission denied
ln: creating symbolic link `/etc/rc3.d/S77.zl': Permission denied
ln: creating symbolic link `/etc/rc4.d/S77.zl': Permission denied
ln: creating symbolic link `/etc/rc5.d/S77.zl': Permission denied
.zl: unrecognized service
sh: /etc/init.d/.zl: is a directory
chmod: changing permissions of `/etc/.zl': Operation not permitted
execvp: Permission denied
chmod: changing permissions of `/etc/.zl': Operation not permitted
chmod: changing permissions of `/etc/init.d/.zl': Operation not permitted
ln: creating symbolic link `/etc/rc2.d/S77.zl': Permission denied
ln: creating symbolic link `/etc/rc3.d/S77.zl': Permission denied
ln: creating symbolic link `/etc/rc4.d/S77.zl': Permission denied
ln: creating symbolic link `/etc/rc5.d/S77.zl': Permission denied
.zl: unrecognized service
sh: /etc/init.d/.zl: is a directory
chmod: changing permissions of `/etc/.zl': Operation not permitted
execvp: Permission denied
chmod: changing permissions of `/etc/.zl': Operation not permitted
chmod: changing permissions of `/etc/init.d/.zl': Operation not permitted
ln: creating symbolic link `/etc/rc2.d/S77.zl': Permission denied
ln: creating symbolic link `/etc/rc3.d/S77.zl': Permission denied
ln: creating symbolic link `/etc/rc4.d/S77.zl': Permission denied
ln: creating symbolic link `/etc/rc5.d/S77.zl': Permission denied
.zl: unrecognized service
sh: /etc/init.d/.zl: is a directory
chmod: changing permissions of `/etc/.zl': Operation not permitted
execvp: Permission denied
chmod: changing permissions of `/etc/.zl': Operation not permitted
chmod: changing permissions of `/etc/init.d/.zl': Operation not permitted
ln: creating symbolic link `/etc/rc2.d/S77.zl': Permission denied
ln: creating symbolic link `/etc/rc3.d/S77.zl': Permission denied
ln: creating symbolic link `/etc/rc4.d/S77.zl': Permission denied
ln: creating symbolic link `/etc/rc5.d/S77.zl': Permission denied
.zl: unrecognized service
sh: /etc/init.d/.zl: is a directory
chmod: changing permissions of `/etc/.zl': Operation not permitted
execvp: Permission denied
chmod: changing permissions of `/etc/.zl': Operation not permitted
chmod: changing permissions of `/etc/init.d/.zl': Operation not permitted
ln: creating symbolic link `/etc/rc2.d/S77.zl': Permission denied
ln: creating symbolic link `/etc/rc3.d/S77.zl': Permission denied
ln: creating symbolic link `/etc/rc4.d/S77.zl': Permission denied
ln: creating symbolic link `/etc/rc5.d/S77.zl': Permission denied
.zl: unrecognized service
sh: /etc/init.d/.zl: is a directory
chmod: changing permissions of `/etc/.zl': Operation not permitted
execvp: Permission denied
chmod: changing permissions of `/etc/.zl': Operation not permitted
chmod: changing permissions of `/etc/init.d/.zl': Operation not permitted
ln: creating symbolic link `/etc/rc2.d/S77.zl': Permission denied
ln: creating symbolic link `/etc/rc3.d/S77.zl': Permission denied
ln: creating symbolic link `/etc/rc4.d/S77.zl': Permission denied
ln: creating symbolic link `/etc/rc5.d/S77.zl': Permission denied
.zl: unrecognized service
sh: /etc/init.d/.zl: is a directory
chmod: changing permissions of `/etc/.zl': Operation not permitted
execvp: Permission denied
chmod: changing permissions of `/etc/.zl': Operation not permitted
chmod: changing permissions of `/etc/init.d/.zl': Operation not permitted
ln: creating symbolic link `/etc/rc2.d/S77.zl': Permission denied
ln: creating symbolic link `/etc/rc3.d/S77.zl': Permission denied
ln: creating symbolic link `/etc/rc4.d/S77.zl': Permission denied
ln: creating symbolic link `/etc/rc5.d/S77.zl': Permission denied
.zl: unrecognized service
sh: /etc/init.d/.zl: is a directory
chmod: changing permissions of `/etc/.zl': Operation not permitted
execvp: Permission denied
chmod: changing permissions of `/etc/.zl': Operation not permitted
chmod: changing permissions of `/etc/init.d/.zl': Operation not permitted
ln: creating symbolic link `/etc/rc2.d/S77.zl': Permission denied
ln: creating symbolic link `/etc/rc3.d/S77.zl': Permission denied
ln: creating symbolic link `/etc/rc4.d/S77.zl': Permission denied
ln: creating symbolic link `/etc/rc5.d/S77.zl': Permission denied
.zl: unrecognized service
sh: /etc/init.d/.zl: is a directory
chmod: changing permissions of `/etc/.zl': Operation not permitted
execvp: Permission denied
chmod: changing permissions of `/etc/.zl': Operation not permitted
chmod: changing permissions of `/etc/init.d/.zl': Operation not permitted
ln: creating symbolic link `/etc/rc2.d/S77.zl': Permission denied
ln: creating symbolic link `/etc/rc3.d/S77.zl': Permission denied
ln: creating symbolic link `/etc/rc4.d/S77.zl': Permission denied
ln: creating symbolic link `/etc/rc5.d/S77.zl': Permission denied
.zl: unrecognized service
sh: /etc/init.d/.zl: is a directory
chmod: changing permissions of `/etc/.zl': Operation not permitted
execvp: Permission denied
chmod: changing permissions of `/etc/.zl': Operation not permitted
chmod: changing permissions of `/etc/init.d/.zl': Operation not permitted
ln: creating symbolic link `/etc/rc2.d/S77.zl': Permission denied
ln: creating symbolic link `/etc/rc3.d/S77.zl': Permission denied
ln: creating symbolic link `/etc/rc4.d/S77.zl': Permission denied
ln: creating symbolic link `/etc/rc5.d/S77.zl': Permission denied
.zl: unrecognized service
sh: /etc/init.d/.zl: is a directory
chmod: changing permissions of `/etc/.zl': Operation not permitted
execvp: Permission denied
chmod: changing permissions of `/etc/.zl': Operation not permitted
chmod: changing permissions of `/etc/init.d/.zl': Operation not permitted
ln: creating symbolic link `/etc/rc2.d/S77.zl': Permission denied
ln: creating symbolic link `/etc/rc3.d/S77.zl': Permission denied
ln: creating symbolic link `/etc/rc4.d/S77.zl': Permission denied
ln: creating symbolic link `/etc/rc5.d/S77.zl': Permission denied
.zl: unrecognized service
sh: /etc/init.d/.zl: is a directory
chmod: changing permissions of `/etc/.zl': Operation not permitted
execvp: Permission denied
chmod: changing permissions of `/etc/.zl': Operation not permitted
chmod: changing permissions of `/etc/init.d/.zl': Operation not permitted
ln: creating symbolic link `/etc/rc2.d/S77.zl': Permission denied
ln: creating symbolic link `/etc/rc3.d/S77.zl': Permission denied
ln: creating symbolic link `/etc/rc4.d/S77.zl': Permission denied
ln: creating symbolic link `/etc/rc5.d/S77.zl': Permission denied
.zl: unrecognized service
sh: /etc/init.d/.zl: is a directory
chmod: changing permissions of `/etc/.zl': Operation not permitted
execvp: Permission denied
chmod: changing permissions of `/etc/.zl': Operation not permitted
chmod: changing permissions of `/etc/init.d/.zl': Operation not permitted
ln: creating symbolic link `/etc/rc2.d/S77.zl': Permission denied
ln: creating symbolic link `/etc/rc3.d/S77.zl': Permission denied
ln: creating symbolic link `/etc/rc4.d/S77.zl': Permission denied
ln: creating symbolic link `/etc/rc5.d/S77.zl': Permission denied
.zl: unrecognized service
sh: /etc/init.d/.zl: is a directory
chmod: changing permissions of `/etc/.zl': Operation not permitted
execvp: Permission denied
chmod: changing permissions of `/etc/.zl': Operation not permitted
execvp: Permission denied
chmod: changing permissions of `/etc/.zl': Operation not permitted
chmod: changing permissions of `/etc/init.d/.zl': Operation not permitted
ln: creating symbolic link `/etc/rc2.d/S77.zl': Permission denied
ln: creating symbolic link `/etc/rc3.d/S77.zl': Permission denied
ln: creating symbolic link `/etc/rc4.d/S77.zl': Permission denied
ln: creating symbolic link `/etc/rc5.d/S77.zl': Permission denied
.zl: unrecognized service
sh: /etc/init.d/.zl: is a directory
chmod: changing permissions of `/etc/.zl': Operation not permitted
execvp: Permission denied
chmod: changing permissions of `/etc/.zl': Operation not permitted
chmod: changing permissions of `/etc/init.d/.zl': Operation not permitted
ln: creating symbolic link `/etc/rc2.d/S77.zl': Permission denied
ln: creating symbolic link `/etc/rc3.d/S77.zl': Permission denied
ln: creating symbolic link `/etc/rc4.d/S77.zl': Permission denied
ln: creating symbolic link `/etc/rc5.d/S77.zl': Permission denied
.zl: unrecognized service
sh: /etc/init.d/.zl: is a directory
chmod: changing permissions of `/etc/.zl': Operation not permitted
execvp: Permission denied
chmod: changing permissions of `/etc/.zl': Operation not permitted
chmod: changing permissions of `/etc/init.d/.zl': Operation not permitted
ln: creating symbolic link `/etc/rc2.d/S77.zl': Permission denied
ln: creating symbolic link `/etc/rc3.d/S77.zl': Permission denied
ln: creating symbolic link `/etc/rc4.d/S77.zl': Permission denied
ln: creating symbolic link `/etc/rc5.d/S77.zl': Permission denied
.zl: unrecognized service
sh: /etc/init.d/.zl: is a directory
chmod: changing permissions of `/etc/.zl': Operation not permitted
execvp: Permission denied
chmod: changing permissions of `/etc/.zl': Operation not permitted
chmod: changing permissions of `/etc/init.d/.zl': Operation not permitted
ln: creating symbolic link `/etc/rc2.d/S77.zl': Permission denied
ln: creating symbolic link `/etc/rc3.d/S77.zl': Permission denied
ln: creating symbolic link `/etc/rc4.d/S77.zl': Permission denied
ln: creating symbolic link `/etc/rc5.d/S77.zl': Permission denied
.zl: unrecognized service
sh: /etc/init.d/.zl: is a directory
chmod: changing permissions of `/etc/.zl': Operation not permitted
execvp: Permission denied
chmod: changing permissions of `/etc/.zl': Operation not permitted
chmod: changing permissions of `/etc/init.d/.zl': Operation not permitted
ln: creating symbolic link `/etc/rc2.d/S77.zl': Permission denied
ln: creating symbolic link `/etc/rc3.d/S77.zl': Permission denied
ln: creating symbolic link `/etc/rc4.d/S77.zl': Permission denied
ln: creating symbolic link `/etc/rc5.d/S77.zl': Permission denied
.zl: unrecognized service
sh: /etc/init.d/.zl: is a directory
chmod: changing permissions of `/etc/.zl': Operation not permitted
execvp: Permission denied
chmod: changing permissions of `/etc/.zl': Operation not permitted
chmod: changing permissions of `/etc/init.d/.zl': Operation not permitted
ln: creating symbolic link `/etc/rc2.d/S77.zl': Permission denied
ln: creating symbolic link `/etc/rc3.d/S77.zl': Permission denied
ln: creating symbolic link `/etc/rc4.d/S77.zl': Permission denied
ln: creating symbolic link `/etc/rc5.d/S77.zl': Permission denied
.zl: unrecognized service
sh: /etc/init.d/.zl: is a directory
chmod: changing permissions of `/etc/.zl': Operation not permitted
execvp: Permission denied
chmod: changing permissions of `/etc/.zl': Operation not permitted
chmod: changing permissions of `/etc/init.d/.zl': Operation not permitted
ln: creating symbolic link `/etc/rc2.d/S77.zl': Permission denied
ln: creating symbolic link `/etc/rc3.d/S77.zl': Permission denied
ln: creating symbolic link `/etc/rc4.d/S77.zl': Permission denied
ln: creating symbolic link `/etc/rc5.d/S77.zl': Permission denied
.zl: unrecognized service
sh: /etc/init.d/.zl: is a directory
chmod: changing permissions of `/etc/.zl': Operation not permitted
execvp: Permission denied
chmod: changing permissions of `/etc/.zl': Operation not permitted
chmod: changing permissions of `/etc/init.d/.zl': Operation not permitted
ln: creating symbolic link `/etc/rc2.d/S77.zl': Permission denied
ln: creating symbolic link `/etc/rc3.d/S77.zl': Permission denied
ln: creating symbolic link `/etc/rc4.d/S77.zl': Permission denied
ln: creating symbolic link `/etc/rc5.d/S77.zl': Permission denied
.zl: unrecognized service
sh: /etc/init.d/.zl: is a directory
chmod: changing permissions of `/etc/.zl': Operation not permitted
execvp: Permission denied
chmod: changing permissions of `/etc/.zl': Operation not permitted
chmod: changing permissions of `/etc/init.d/.zl': Operation not permitted
ln: creating symbolic link `/etc/rc2.d/S77.zl': Permission denied
ln: creating symbolic link `/etc/rc3.d/S77.zl': Permission denied
ln: creating symbolic link `/etc/rc4.d/S77.zl': Permission denied
ln: creating symbolic link `/etc/rc5.d/S77.zl': Permission denied
.zl: unrecognized service
sh: /etc/init.d/.zl: is a directory
chmod: changing permissions of `/etc/.zl': Operation not permitted
execvp: Permission denied
chmod: changing permissions of `/etc/.zl': Operation not permitted
chmod: changing permissions of `/etc/init.d/.zl': Operation not permitted
ln: creating symbolic link `/etc/rc2.d/S77.zl': Permission denied
ln: creating symbolic link `/etc/rc3.d/S77.zl': Permission denied
ln: creating symbolic link `/etc/rc4.d/S77.zl': Permission denied
ln: creating symbolic link `/etc/rc5.d/S77.zl': Permission denied
.zl: unrecognized service
sh: /etc/init.d/.zl: is a directory
chmod: changing permissions of `/etc/.zl': Operation not permitted
execvp: Permission denied
chmod: changing permissions of `/etc/.zl': Operation not permitted
chmod: changing permissions of `/etc/init.d/.zl': Operation not permitted
ln: creating symbolic link `/etc/rc2.d/S77.zl': Permission denied
ln: creating symbolic link `/etc/rc3.d/S77.zl': Permission denied
ln: creating symbolic link `/etc/rc4.d/S77.zl': Permission denied
ln: creating symbolic link `/etc/rc5.d/S77.zl': Permission denied
.zl: unrecognized service
sh: /etc/init.d/.zl: is a directory
chmod: changing permissions of `/etc/.zl': Operation not permitted
execvp: Permission denied
chmod: changing permissions of `/etc/.zl': Operation not permitted
chmod: changing permissions of `/etc/init.d/.zl': Operation not permitted
ln: creating symbolic link `/etc/rc2.d/S77.zl': Permission denied
ln: creating symbolic link `/etc/rc3.d/S77.zl': Permission denied
ln: creating symbolic link `/etc/rc4.d/S77.zl': Permission denied
ln: creating symbolic link `/etc/rc5.d/S77.zl': Permission denied
.zl: unrecognized service
sh: /etc/init.d/.zl: is a directory
chmod: changing permissions of `/etc/.zl': Operation not permitted
execvp: Permission denied
chmod: changing permissions of `/etc/.zl': Operation not permitted
execvp: Permission denied
chmod: changing permissions of `/etc/.zl': Operation not permitted
chmod: changing permissions of `/etc/init.d/.zl': Operation not permitted
ln: creating symbolic link `/etc/rc2.d/S77.zl': Permission denied
ln: creating symbolic link `/etc/rc3.d/S77.zl': Permission denied
ln: creating symbolic link `/etc/rc4.d/S77.zl': Permission denied
ln: creating symbolic link `/etc/rc5.d/S77.zl': Permission denied
.zl: unrecognized service
sh: /etc/init.d/.zl: is a directory
chmod: changing permissions of `/etc/.zl': Operation not permitted
execvp: Permission denied
chmod: changing permissions of `/etc/.zl': Operation not permitted
chmod: changing permissions of `/etc/init.d/.zl': Operation not permitted
ln: creating symbolic link `/etc/rc2.d/S77.zl': Permission denied
ln: creating symbolic link `/etc/rc3.d/S77.zl': Permission denied
ln: creating symbolic link `/etc/rc4.d/S77.zl': Permission denied
ln: creating symbolic link `/etc/rc5.d/S77.zl': Permission denied
.zl: unrecognized service
sh: /etc/init.d/.zl: is a directory
chmod: changing permissions of `/etc/.zl': Operation not permitted
execvp: Permission denied
chmod: changing permissions of `/etc/.zl': Operation not permitted
chmod: changing permissions of `/etc/init.d/.zl': Operation not permitted
ln: creating symbolic link `/etc/rc2.d/S77.zl': Permission denied
ln: creating symbolic link `/etc/rc3.d/S77.zl': Permission denied
ln: creating symbolic link `/etc/rc4.d/S77.zl': Permission denied
ln: creating symbolic link `/etc/rc5.d/S77.zl': Permission denied
.zl: unrecognized service
sh: /etc/init.d/.zl: is a directory
chmod: changing permissions of `/etc/.zl': Operation not permitted
execvp: Permission denied
chmod: changing permissions of `/etc/.zl': Operation not permitted
chmod: changing permissions of `/etc/init.d/.zl': Operation not permitted
ln: creating symbolic link `/etc/rc2.d/S77.zl': Permission denied
ln: creating symbolic link `/etc/rc3.d/S77.zl': Permission denied
ln: creating symbolic link `/etc/rc4.d/S77.zl': Permission denied
ln: creating symbolic link `/etc/rc5.d/S77.zl': Permission denied
.zl: unrecognized service
sh: /etc/init.d/.zl: is a directory
chmod: changing permissions of `/etc/.zl': Operation not permitted
execvp: Permission denied
chmod: changing permissions of `/etc/.zl': Operation not permitted
chmod: changing permissions of `/etc/init.d/.zl': Operation not permitted
ln: creating symbolic link `/etc/rc2.d/S77.zl': Permission denied
ln: creating symbolic link `/etc/rc3.d/S77.zl': Permission denied
ln: creating symbolic link `/etc/rc4.d/S77.zl': Permission denied
ln: creating symbolic link `/etc/rc5.d/S77.zl': Permission denied
.zl: unrecognized service
sh: /etc/init.d/.zl: is a directory
chmod: changing permissions of `/etc/.zl': Operation not permitted
execvp: Permission denied
chmod: changing permissions of `/etc/.zl': Operation not permitted
chmod: changing permissions of `/etc/init.d/.zl': Operation not permitted
ln: creating symbolic link `/etc/rc2.d/S77.zl': Permission denied
ln: creating symbolic link `/etc/rc3.d/S77.zl': Permission denied
ln: creating symbolic link `/etc/rc4.d/S77.zl': Permission denied
ln: creating symbolic link `/etc/rc5.d/S77.zl': Permission denied
.zl: unrecognized service
sh: /etc/init.d/.zl: is a directory
chmod: changing permissions of `/etc/.zl': Operation not permitted
execvp: Permission denied
chmod: changing permissions of `/etc/.zl': Operation not permitted
chmod: changing permissions of `/etc/init.d/.zl': Operation not permitted
ln: creating symbolic link `/etc/rc2.d/S77.zl': Permission denied
ln: creating symbolic link `/etc/rc3.d/S77.zl': Permission denied
ln: creating symbolic link `/etc/rc4.d/S77.zl': Permission denied
ln: creating symbolic link `/etc/rc5.d/S77.zl': Permission denied
.zl: unrecognized service
sh: /etc/init.d/.zl: is a directory
chmod: changing permissions of `/etc/.zl': Operation not permitted
execvp: Permission denied
chmod: changing permissions of `/etc/.zl': Operation not permitted
chmod: changing permissions of `/etc/init.d/.zl': Operation not permitted
ln: creating symbolic link `/etc/rc2.d/S77.zl': Permission denied
ln: creating symbolic link `/etc/rc3.d/S77.zl': Permission denied
ln: creating symbolic link `/etc/rc4.d/S77.zl': Permission denied
ln: creating symbolic link `/etc/rc5.d/S77.zl': Permission denied
.zl: unrecognized service
sh: /etc/init.d/.zl: is a directory
chmod: changing permissions of `/etc/.zl': Operation not permitted
execvp: Permission denied
chmod: changing permissions of `/etc/.zl': Operation not permitted
chmod: changing permissions of `/etc/init.d/.zl': Operation not permitted
ln: creating symbolic link `/etc/rc2.d/S77.zl': Permission denied
ln: creating symbolic link `/etc/rc3.d/S77.zl': Permission denied
ln: creating symbolic link `/etc/rc4.d/S77.zl': Permission denied
ln: creating symbolic link `/etc/rc5.d/S77.zl': Permission denied
.zl: unrecognized service
sh: /etc/init.d/.zl: is a directory
chmod: changing permissions of `/etc/.zl': Operation not permitted
execvp: Permission denied
chmod: changing permissions of `/etc/.zl': Operation not permitted
chmod: changing permissions of `/etc/init.d/.zl': Operation not permitted
ln: creating symbolic link `/etc/rc2.d/S77.zl': Permission denied
ln: creating symbolic link `/etc/rc3.d/S77.zl': Permission denied
ln: creating symbolic link `/etc/rc4.d/S77.zl': Permission denied
ln: creating symbolic link `/etc/rc5.d/S77.zl': Permission denied
.zl: unrecognized service
sh: /etc/init.d/.zl: is a directory
chmod: changing permissions of `/etc/.zl': Operation not permitted
execvp: Permission denied
160222 13:44:07 [Note] /data/server/mysql/bin/mysqld: Normal shutdown

160222 13:44:07 [Note] Event Scheduler: Purging the queue. 0 events
160222 13:44:09 [Warning] /data/server/mysql/bin/mysqld: Forcing close of thread 1761  user: 'weitian_note'

160222 13:44:09 [Warning] /data/server/mysql/bin/mysqld: Forcing close of thread 1732  user: 'weitian_note'

160222 13:44:09 [Warning] /data/server/mysql/bin/mysqld: Forcing close of thread 1731  user: 'weitian_note'

160222 13:44:09 [Warning] /data/server/mysql/bin/mysqld: Forcing close of thread 1601  user: 'root'

chmod: changing permissions of `/etc/.zl': Operation not permitted
chmod: changing permissions of `/etc/init.d/.zl': Operation not permitted
ln: creating symbolic link `/etc/rc2.d/S77.zl': Permission denied
ln: creating symbolic link `/etc/rc3.d/S77.zl': Permission denied
ln: creating symbolic link `/etc/rc4.d/S77.zl': Permission denied
ln: creating symbolic link `/etc/rc5.d/S77.zl': Permission denied
.zl: unrecognized service
sh: /etc/init.d/.zl: is a directory
chmod: changing permissions of `/etc/.zl': Operation not permitted
execvp: Permission denied
chmod: changing permissions of `/etc/.zl': Operation not permitted
chmod: changing permissions of `/etc/init.d/.zl': Operation not permitted
ln: creating symbolic link `/etc/rc2.d/S77.zl': Permission denied
ln: creating symbolic link `/etc/rc3.d/S77.zl': Permission denied
ln: creating symbolic link `/etc/rc4.d/S77.zl': Permission denied
ln: creating symbolic link `/etc/rc5.d/S77.zl': Permission denied
.zl: unrecognized service
sh: /etc/init.d/.zl: is a directory
chmod: changing permissions of `/etc/.zl': Operation not permitted
execvp: Permission denied
chmod: changing permissions of `/etc/.zl': Operation not permitted
chmod: changing permissions of `/etc/init.d/.zl': Operation not permitted
ln: creating symbolic link `/etc/rc2.d/S77.zl': Permission denied
ln: creating symbolic link `/etc/rc3.d/S77.zl': Permission denied
ln: creating symbolic link `/etc/rc4.d/S77.zl': Permission denied
ln: creating symbolic link `/etc/rc5.d/S77.zl': Permission denied
.zl: unrecognized service
sh: /etc/init.d/.zl: is a directory
chmod: changing permissions of `/etc/.zl': Operation not permitted
execvp: Permission denied
chmod: changing permissions of `/etc/.zl': Operation not permitted
execvp: Permission denied
chmod: changing permissions of `/etc/.zl': Operation not permitted
chmod: changing permissions of `/etc/init.d/.zl': Operation not permitted
ln: creating symbolic link `/etc/rc2.d/S77.zl': Permission denied
ln: creating symbolic link `/etc/rc3.d/S77.zl': Permission denied
ln: creating symbolic link `/etc/rc4.d/S77.zl': Permission denied
ln: creating symbolic link `/etc/rc5.d/S77.zl': Permission denied
.zl: unrecognized service
sh: /etc/init.d/.zl: is a directory
chmod: changing permissions of `/etc/.zl': Operation not permitted
execvp: Permission denied
chmod: changing permissions of `/etc/.zl': Operation not permitted
chmod: changing permissions of `/etc/init.d/.zl': Operation not permitted
ln: creating symbolic link `/etc/rc2.d/S77.zl': Permission denied
ln: creating symbolic link `/etc/rc3.d/S77.zl': Permission denied
ln: creating symbolic link `/etc/rc4.d/S77.zl': Permission denied
ln: creating symbolic link `/etc/rc5.d/S77.zl': Permission denied
.zl: unrecognized service
sh: /etc/init.d/.zl: is a directory
chmod: changing permissions of `/etc/.zl': Operation not permitted
execvp: Permission denied
chmod: changing permissions of `/etc/.zl': Operation not permitted
chmod: changing permissions of `/etc/init.d/.zl': Operation not permitted
ln: creating symbolic link `/etc/rc2.d/S77.zl': Permission denied
ln: creating symbolic link `/etc/rc3.d/S77.zl': Permission denied
ln: creating symbolic link `/etc/rc4.d/S77.zl': Permission denied
ln: creating symbolic link `/etc/rc5.d/S77.zl': Permission denied
.zl: unrecognized service
sh: /etc/init.d/.zl: is a directory
chmod: changing permissions of `/etc/.zl': Operation not permitted
execvp: Permission denied
chmod: changing permissions of `/etc/.zl': Operation not permitted
chmod: changing permissions of `/etc/init.d/.zl': Operation not permitted
ln: creating symbolic link `/etc/rc2.d/S77.zl': Permission denied
ln: creating symbolic link `/etc/rc3.d/S77.zl': Permission denied
ln: creating symbolic link `/etc/rc4.d/S77.zl': Permission denied
ln: creating symbolic link `/etc/rc5.d/S77.zl': Permission denied
.zl: unrecognized service
sh: /etc/init.d/.zl: is a directory
chmod: changing permissions of `/etc/.zl': Operation not permitted
execvp: Permission denied
chmod: changing permissions of `/etc/.zl': Operation not permitted
chmod: changing permissions of `/etc/init.d/.zl': Operation not permitted
ln: creating symbolic link `/etc/rc2.d/S77.zl': Permission denied
ln: creating symbolic link `/etc/rc3.d/S77.zl': Permission denied
ln: creating symbolic link `/etc/rc4.d/S77.zl': Permission denied
ln: creating symbolic link `/etc/rc5.d/S77.zl': Permission denied
.zl: unrecognized service
sh: /etc/init.d/.zl: is a directory
chmod: changing permissions of `/etc/.zl': Operation not permitted
execvp: Permission denied
chmod: changing permissions of `/etc/.zl': Operation not permitted
chmod: changing permissions of `/etc/init.d/.zl': Operation not permitted
ln: creating symbolic link `/etc/rc2.d/S77.zl': Permission denied
ln: creating symbolic link `/etc/rc3.d/S77.zl': Permission denied
ln: creating symbolic link `/etc/rc4.d/S77.zl': Permission denied
ln: creating symbolic link `/etc/rc5.d/S77.zl': Permission denied
.zl: unrecognized service
sh: /etc/init.d/.zl: is a directory
chmod: changing permissions of `/etc/.zl': Operation not permitted
execvp: Permission denied
chmod: changing permissions of `/etc/.zl': Operation not permitted
chmod: changing permissions of `/etc/init.d/.zl': Operation not permitted
ln: creating symbolic link `/etc/rc2.d/S77.zl': Permission denied
ln: creating symbolic link `/etc/rc3.d/S77.zl': Permission denied
ln: creating symbolic link `/etc/rc4.d/S77.zl': Permission denied
ln: creating symbolic link `/etc/rc5.d/S77.zl': Permission denied
.zl: unrecognized service
sh: /etc/init.d/.zl: is a directory
chmod: changing permissions of `/etc/.zl': Operation not permitted
execvp: Permission denied
chmod: changing permissions of `/etc/.zl': Operation not permitted
chmod: changing permissions of `/etc/init.d/.zl': Operation not permitted
ln: creating symbolic link `/etc/rc2.d/S77.zl': Permission denied
ln: creating symbolic link `/etc/rc3.d/S77.zl': Permission denied
ln: creating symbolic link `/etc/rc4.d/S77.zl': Permission denied
ln: creating symbolic link `/etc/rc5.d/S77.zl': Permission denied
.zl: unrecognized service
sh: /etc/init.d/.zl: is a directory
chmod: changing permissions of `/etc/.zl': Operation not permitted
execvp: Permission denied
chmod: changing permissions of `/etc/.zl': Operation not permitted
chmod: changing permissions of `/etc/init.d/.zl': Operation not permitted
ln: creating symbolic link `/etc/rc2.d/S77.zl': Permission denied
ln: creating symbolic link `/etc/rc3.d/S77.zl': Permission denied
ln: creating symbolic link `/etc/rc4.d/S77.zl': Permission denied
ln: creating symbolic link `/etc/rc5.d/S77.zl': Permission denied
.zl: unrecognized service
sh: /etc/init.d/.zl: is a directory
chmod: changing permissions of `/etc/.zl': Operation not permitted
execvp: Permission denied
chmod: changing permissions of `/etc/.zl': Operation not permitted
chmod: changing permissions of `/etc/init.d/.zl': Operation not permitted
ln: creating symbolic link `/etc/rc2.d/S77.zl': Permission denied
ln: creating symbolic link `/etc/rc3.d/S77.zl': Permission denied
ln: creating symbolic link `/etc/rc4.d/S77.zl': Permission denied
ln: creating symbolic link `/etc/rc5.d/S77.zl': Permission denied
.zl: unrecognized service
sh: /etc/init.d/.zl: is a directory
chmod: changing permissions of `/etc/.zl': Operation not permitted
execvp: Permission denied
chmod: changing permissions of `/etc/.zl': Operation not permitted
chmod: changing permissions of `/etc/init.d/.zl': Operation not permitted
ln: creating symbolic link `/etc/rc2.d/S77.zl': Permission denied
ln: creating symbolic link `/etc/rc3.d/S77.zl': Permission denied
ln: creating symbolic link `/etc/rc4.d/S77.zl': Permission denied
ln: creating symbolic link `/etc/rc5.d/S77.zl': Permission denied
.zl: unrecognized service
sh: /etc/init.d/.zl: is a directory
chmod: changing permissions of `/etc/.zl': Operation not permitted
execvp: Permission denied
chmod: changing permissions of `/etc/.zl': Operation not permitted
chmod: changing permissions of `/etc/init.d/.zl': Operation not permitted
ln: creating symbolic link `/etc/rc2.d/S77.zl': Permission denied
ln: creating symbolic link `/etc/rc3.d/S77.zl': Permission denied
ln: creating symbolic link `/etc/rc4.d/S77.zl': Permission denied
ln: creating symbolic link `/etc/rc5.d/S77.zl': Permission denied
.zl: unrecognized service
sh: /etc/init.d/.zl: is a directory
chmod: changing permissions of `/etc/.zl': Operation not permitted
execvp: Permission denied
You do not have enough privileges to perform this operation.
You do not have enough privileges to perform this operation.
sh: systemctl: command not found
sh: reSuSEfirewall2: command not found
sh: SuSEfirewall2: command not found
ebtables: unrecognized service
sh: /etc/init.d/ebtables: No such file or directory
sh: ufw: command not found
(Not all processes could be identified, non-owned process info
 will not be shown, you would have to be root to see it all.)
usage: kill [ -s signal | -p ] [ -a ] pid ...
       kill -l [ signal ]
(Not all processes could be identified, non-owned process info
 will not be shown, you would have to be root to see it all.)
usage: kill [ -s signal | -p ] [ -a ] pid ...
       kill -l [ signal ]
chmod: changing permissions of `/etc/.zl': Operation not permitted
chmod: changing permissions of `/etc/init.d/.zl': Operation not permitted
ln: creating symbolic link `/etc/rc2.d/S77.zl': Permission denied
ln: creating symbolic link `/etc/rc3.d/S77.zl': Permission denied
ln: creating symbolic link `/etc/rc4.d/S77.zl': Permission denied
ln: creating symbolic link `/etc/rc5.d/S77.zl': Permission denied
.zl: unrecognized service
sh: /etc/init.d/.zl: is a directory
chmod: changing permissions of `/etc/.zl': Operation not permitted
execvp: Permission denied
(Not all processes could be identified, non-owned process info
 will not be shown, you would have to be root to see it all.)
usage: kill [ -s signal | -p ] [ -a ] pid ...
       kill -l [ signal ]
chmod: changing permissions of `/etc/.zl': Operation not permitted
execvp: Permission denied
chmod: changing permissions of `/etc/.zl': Operation not permitted
chmod: changing permissions of `/etc/init.d/.zl': Operation not permitted
ln: creating symbolic link `/etc/rc2.d/S77.zl': Permission denied
ln: creating symbolic link `/etc/rc3.d/S77.zl': Permission denied
ln: creating symbolic link `/etc/rc4.d/S77.zl': Permission denied
ln: creating symbolic link `/etc/rc5.d/S77.zl': Permission denied
.zl: unrecognized service
sh: /etc/init.d/.zl: is a directory
(Not all processes could be identified, non-owned process info
 will not be shown, you would have to be root to see it all.)
usage: kill [ -s signal | -p ] [ -a ] pid ...
       kill -l [ signal ]
chmod: changing permissions of `/etc/.zl': Operation not permitted
execvp: Permission denied
chmod: changing permissions of `/etc/.zl': Operation not permitted
chmod: changing permissions of `/etc/init.d/.zl': Operation not permitted
ln: creating symbolic link `/etc/rc2.d/S77.zl': Permission denied
ln: creating symbolic link `/etc/rc3.d/S77.zl': Permission denied
ln: creating symbolic link `/etc/rc4.d/S77.zl': Permission denied
ln: creating symbolic link `/etc/rc5.d/S77.zl': Permission denied
.zl: unrecognized service
sh: /etc/init.d/.zl: is a directory
(Not all processes could be identified, non-owned process info
 will not be shown, you would have to be root to see it all.)
usage: kill [ -s signal | -p ] [ -a ] pid ...
       kill -l [ signal ]
chmod: changing permissions of `/etc/.zl': Operation not permitted
execvp: Permission denied
(Not all processes could be identified, non-owned process info
 will not be shown, you would have to be root to see it all.)
usage: kill [ -s signal | -p ] [ -a ] pid ...
       kill -l [ signal ]
chmod: changing permissions of `/etc/.zl': Operation not permitted
chmod: changing permissions of `/etc/init.d/.zl': Operation not permitted
ln: creating symbolic link `/etc/rc2.d/S77.zl': Permission denied
ln: creating symbolic link `/etc/rc3.d/S77.zl': Permission denied
ln: creating symbolic link `/etc/rc4.d/S77.zl': Permission denied
ln: creating symbolic link `/etc/rc5.d/S77.zl': Permission denied
.zl: unrecognized service
sh: /etc/init.d/.zl: is a directory
(Not all processes could be identified, non-owned process info
 will not be shown, you would have to be root to see it all.)
usage: kill [ -s signal | -p ] [ -a ] pid ...
       kill -l [ signal ]
chmod: changing permissions of `/etc/.zl': Operation not permitted
execvp: Permission denied
160222 13:51:57 mysqld_safe Starting mysqld daemon with databases from /data/server/mysql/data
160222 13:51:57 InnoDB: The InnoDB memory heap is disabled
160222 13:51:57 InnoDB: Mutexes and rw_locks use GCC atomic builtins
160222 13:51:57 InnoDB: Compressed tables use zlib 1.2.3
160222 13:51:57 InnoDB: Initializing buffer pool, size = 1.0G
160222 13:51:57 InnoDB: Completed initialization of buffer pool
160222 13:51:57 InnoDB: highest supported file format is Barracuda.
InnoDB: The log sequence number in ibdata files does not match
InnoDB: the log sequence number in the ib_logfiles!
160222 13:51:57  InnoDB: Database was not shut down normally!
InnoDB: Starting crash recovery.
InnoDB: Reading tablespace information from the .ibd files...
InnoDB: Restoring possible half-written data pages from the doublewrite
InnoDB: buffer...
InnoDB: Last MySQL binlog file position 0 2133809, file name ./mysql-bin.000059
160222 13:51:59  InnoDB: Waiting for the background threads to start
160222 13:52:00 Percona XtraDB (http://www.percona.com) 5.5.30-29.3 started; log sequence number 3802012460
160222 13:52:00 [Note] Recovering after a crash using mysql-bin
160222 13:52:00 [Note] Starting crash recovery...
160222 13:52:00 [Note] Crash recovery finished.
160222 13:52:00 [Note] Event Scheduler: Loaded 0 events
160222 13:52:00 [Note] /data/server/mysql/bin/mysqld: ready for connections.
Version: '5.5.30-log'  socket: '/tmp/mysql.sock'  port: 3306  Source distribution
